#
# There is insufficient memory for the Java Runtime Environment to continue.
# Native memory allocation (malloc) failed to allocate 1497568 bytes for Chunk::new
# Possible reasons:
#   The system is out of physical RAM or swap space
#   The process is running with CompressedOops enabled, and the Java Heap may be blocking the growth of the native heap
# Possible solutions:
#   Reduce memory load on the system
#   Increase physical memory or swap space
#   Check if swap backing store is full
#   Decrease Java heap size (-Xmx/-Xms)
#   Decrease number of Java threads
#   Decrease Java thread stack sizes (-Xss)
#   Set larger code cache with -XX:ReservedCodeCacheSize=
#   JVM is running with Unscaled Compressed Oops mode in which the Java heap is
#     placed in the first 4GB address space. The Java Heap base address is the
#     maximum limit for the native heap growth. Please use -XX:HeapBaseMinAddress
#     to set the Java Heap base and to place the Java Heap above 4GB virtual address.
# This output file may be truncated or incomplete.
#
#  Out of Memory Error (allocation.cpp:389), pid=14144, tid=0x00000000000009f4
#
# JRE version: OpenJDK Runtime Environment (8.0_242-b01) (build 1.8.0_242-release-1644-b01)
# Java VM: OpenJDK 64-Bit Server VM (25.242-b01 mixed mode windows-amd64 compressed oops)
# Failed to write core dump. Minidumps are not enabled by default on client versions of Windows
#

---------------  T H R E A D  ---------------

Current thread (0x000000001990c800):  JavaThread "C2 CompilerThread2" daemon [_thread_in_native, id=2548, stack(0x000000001a400000,0x000000001a500000)]

Stack: [0x000000001a400000,0x000000001a500000]
[error occurred during error reporting (printing stack bounds), id 0xc0000005]

Native frames: (J=compiled Java code, j=interpreted, Vv=VM code, C=native code)


Current CompileTask:
C2:  61184 11716       4       org.jetbrains.org.objectweb.asm.ClassReader::readCode (5089 bytes)


---------------  P R O C E S S  ---------------

Java Threads: ( => current thread )
  0x0000000021a76000 JavaThread "Cache worker for execution history cache (D:\Proyectos de Programacion\Proyectos Android\2020\DEV.MARTIN\.gradle\6.1.1\executionHistory)" [_thread_blocked, id=8280, stack(0x0000000027060000,0x0000000027160000)]
  0x0000000021a78000 JavaThread "Execution worker for ':' Thread 7" [_thread_blocked, id=7488, stack(0x0000000026d60000,0x0000000026e60000)]
  0x0000000021a72000 JavaThread "Execution worker for ':' Thread 6" [_thread_blocked, id=19260, stack(0x0000000026c60000,0x0000000026d60000)]
  0x0000000021a71800 JavaThread "Execution worker for ':' Thread 5" [_thread_blocked, id=1192, stack(0x0000000026b60000,0x0000000026c60000)]
  0x0000000021a77800 JavaThread "Execution worker for ':' Thread 4" [_thread_blocked, id=12844, stack(0x0000000026a60000,0x0000000026b60000)]
  0x0000000021a75000 JavaThread "Execution worker for ':' Thread 3" [_thread_blocked, id=10432, stack(0x0000000026960000,0x0000000026a60000)]
  0x0000000021a76800 JavaThread "Execution worker for ':' Thread 2" [_thread_blocked, id=4900, stack(0x0000000026860000,0x0000000026960000)]
  0x0000000021a73800 JavaThread "Execution worker for ':'" [_thread_blocked, id=15744, stack(0x0000000026760000,0x0000000026860000)]
  0x000000001c841000 JavaThread "Cache worker for file content cache (D:\Proyectos de Programacion\Proyectos Android\2020\DEV.MARTIN\.gradle\6.1.1\fileContent)" [_thread_blocked, id=5668, stack(0x0000000026260000,0x0000000026360000)]
  0x000000001c83f000 JavaThread "Cache worker for file content cache (C:\Users\Martin-PC\.gradle\caches\6.1.1\fileContent)" [_thread_blocked, id=16320, stack(0x00000000249e0000,0x0000000024ae0000)]
  0x000000001c840800 JavaThread "Memory manager" [_thread_blocked, id=4752, stack(0x0000000024430000,0x0000000024530000)]
  0x000000001c83d800 JavaThread "Cache worker for Build Output Cleanup Cache (D:\Proyectos de Programacion\Proyectos Android\2020\DEV.MARTIN\.gradle\buildOutputCleanup)" [_thread_blocked, id=8916, stack(0x0000000023c00000,0x0000000023d00000)]
  0x000000001c83c000 JavaThread "Build operations Thread 8" [_thread_blocked, id=5848, stack(0x0000000024f60000,0x0000000025060000)]
  0x000000001c839000 JavaThread "Build operations Thread 7" [_thread_blocked, id=1328, stack(0x0000000024e60000,0x0000000024f60000)]
  0x000000001c834800 JavaThread "Build operations Thread 6" [_thread_blocked, id=12736, stack(0x0000000024d60000,0x0000000024e60000)]
  0x000000001c838000 JavaThread "Build operations Thread 5" [_thread_blocked, id=7800, stack(0x0000000024c60000,0x0000000024d60000)]
  0x000000001c83a800 JavaThread "Build operations Thread 4" [_thread_blocked, id=1880, stack(0x0000000024b60000,0x0000000024c60000)]
  0x000000001c83b000 JavaThread "Build operations Thread 3" [_thread_blocked, id=14324, stack(0x0000000023e60000,0x0000000023f60000)]
  0x000000001c835000 JavaThread "Build operations Thread 2" [_thread_blocked, id=6560, stack(0x0000000023d60000,0x0000000023e60000)]
  0x000000001c836800 JavaThread "Build operations" [_thread_blocked, id=13688, stack(0x0000000023b00000,0x0000000023c00000)]
  0x000000001c66d000 JavaThread "Cache worker for execution history cache (C:\Users\Martin-PC\.gradle\caches\6.1.1\executionHistory)" [_thread_blocked, id=544, stack(0x0000000022430000,0x0000000022530000)]
  0x000000001c66f800 JavaThread "Cache worker for cache directory md-rule (C:\Users\Martin-PC\.gradle\caches\6.1.1\md-rule)" [_thread_blocked, id=10004, stack(0x0000000020e90000,0x0000000020f90000)]
  0x000000001c66c800 JavaThread "Cache worker for cache directory md-supplier (C:\Users\Martin-PC\.gradle\caches\6.1.1\md-supplier)" [_thread_blocked, id=3588, stack(0x0000000020af0000,0x0000000020bf0000)]
  0x000000001c66b800 JavaThread "File lock release action executor" [_thread_blocked, id=2116, stack(0x00000000209f0000,0x0000000020af0000)]
  0x000000001c670000 JavaThread "Cache worker for file hash cache (D:\Proyectos de Programacion\Proyectos Android\2020\DEV.MARTIN\.gradle\6.1.1\fileHashes)" [_thread_blocked, id=14708, stack(0x0000000020c80000,0x0000000020d80000)]
  0x000000001c672800 JavaThread "Cache worker for checksums cache (D:\Proyectos de Programacion\Proyectos Android\2020\DEV.MARTIN\.gradle\checksums)" [_thread_blocked, id=13348, stack(0x0000000020d90000,0x0000000020e90000)]
  0x000000001c671800 JavaThread "Cache worker for file hash cache (C:\Users\Martin-PC\.gradle\caches\6.1.1\fileHashes)" [_thread_blocked, id=18560, stack(0x000000001e750000,0x000000001e850000)]
  0x000000001c671000 JavaThread "File lock request listener" [_thread_in_native, id=9020, stack(0x000000001e650000,0x000000001e750000)]
  0x000000001c624000 JavaThread "Cache worker for journal cache (C:\Users\Martin-PC\.gradle\caches\journal-1)" [_thread_blocked, id=12064, stack(0x000000001e550000,0x000000001e650000)]
  0x000000001ab12800 JavaThread "Thread-9" [_thread_blocked, id=2704, stack(0x000000001e250000,0x000000001e350000)]
  0x000000001c624800 JavaThread "Stdin handler" [_thread_blocked, id=11932, stack(0x000000001e150000,0x000000001e250000)]
  0x000000001c622800 JavaThread "Asynchronous log dispatcher for DefaultDaemonConnection: socket connection from /127.0.0.1:55053 to /127.0.0.1:55054" [_thread_blocked, id=18376, stack(0x000000001df50000,0x000000001e050000)]
  0x000000001c602000 JavaThread "Daemon worker" [_thread_in_vm, id=14524, stack(0x000000001de50000,0x000000001df50000)]
  0x000000001a836800 JavaThread "Cancel handler" [_thread_blocked, id=18544, stack(0x000000001dd50000,0x000000001de50000)]
  0x000000001c608000 JavaThread "Handler for socket connection from /127.0.0.1:55053 to /127.0.0.1:55054" [_thread_in_native, id=7596, stack(0x000000001da50000,0x000000001db50000)]
  0x000000001c5cd800 JavaThread "Daemon" [_thread_blocked, id=19324, stack(0x000000001d950000,0x000000001da50000)]
  0x000000001c5c7800 JavaThread "Daemon periodic checks" [_thread_blocked, id=6056, stack(0x000000001d850000,0x000000001d950000)]
  0x000000001c572800 JavaThread "Incoming local TCP Connector on port 55053" [_thread_in_native, id=17584, stack(0x000000001d5e0000,0x000000001d6e0000)]
  0x000000001c53e800 JavaThread "Daemon health stats" [_thread_blocked, id=19084, stack(0x000000001cfa0000,0x000000001d0a0000)]
  0x000000001999c000 JavaThread "Service Thread" daemon [_thread_blocked, id=18556, stack(0x000000001a600000,0x000000001a700000)]
  0x0000000019911800 JavaThread "C1 CompilerThread3" daemon [_thread_blocked, id=18864, stack(0x000000001a500000,0x000000001a600000)]
=>0x000000001990c800 JavaThread "C2 CompilerThread2" daemon [_thread_in_native, id=2548, stack(0x000000001a400000,0x000000001a500000)]
  0x0000000019909000 JavaThread "C2 CompilerThread1" daemon [_thread_in_native, id=18740, stack(0x000000001a300000,0x000000001a400000)]
  0x0000000019905800 JavaThread "C2 CompilerThread0" daemon [_thread_in_native, id=6860, stack(0x000000001a200000,0x000000001a300000)]
  0x0000000019903800 JavaThread "Attach Listener" daemon [_thread_blocked, id=13376, stack(0x000000001a100000,0x000000001a200000)]
  0x0000000019902000 JavaThread "Signal Dispatcher" daemon [_thread_blocked, id=17496, stack(0x000000001a000000,0x000000001a100000)]
  0x00000000198f1000 JavaThread "Finalizer" daemon [_thread_blocked, id=19268, stack(0x0000000019dd0000,0x0000000019ed0000)]
  0x0000000002a48800 JavaThread "Reference Handler" daemon [_thread_blocked, id=15552, stack(0x0000000019cd0000,0x0000000019dd0000)]
  0x0000000002953800 JavaThread "main" [_thread_blocked, id=11448, stack(0x0000000002830000,0x0000000002930000)]

Other Threads:
  0x0000000017af6800 VMThread [stack: 0x00000000197d0000,0x00000000198d0000] [id=12624]
  0x000000001999c800 WatcherThread [stack: 0x000000001a700000,0x000000001a800000] [id=6120]

VM state:not at safepoint (normal execution)

VM Mutex/Monitor currently owned by a thread: None

heap address: 0x0000000080000000, size: 2048 MB, Compressed Oops mode: 32-bit
Narrow klass base: 0x0000000000000000, Narrow klass shift: 3
Compressed class space size: 1073741824 Address: 0x0000000100000000

Heap:
 PSYoungGen      total 267776K, used 82670K [0x00000000d5580000, 0x00000000e8200000, 0x0000000100000000)
  eden space 239104K, 34% used [0x00000000d5580000,0x00000000da63bb80,0x00000000e3f00000)
  from space 28672K, 0% used [0x00000000e6000000,0x00000000e6000000,0x00000000e7c00000)
  to   space 33792K, 0% used [0x00000000e3f00000,0x00000000e3f00000,0x00000000e6000000)
 ParOldGen       total 170496K, used 78692K [0x0000000080000000, 0x000000008a680000, 0x00000000d5580000)
  object space 170496K, 46% used [0x0000000080000000,0x0000000084cd9390,0x000000008a680000)
 Metaspace       used 106189K, capacity 109900K, committed 110744K, reserved 1144832K
  class space    used 14145K, capacity 14918K, committed 15016K, reserved 1048576K

Card table byte_map: [0x0000000011e20000,0x0000000012230000] byte_map_base: 0x0000000011a20000

Marking Bits: (ParMarkBitMap*) 0x0000000064eef030
 Begin Bits: [0x0000000012ce0000, 0x0000000014ce0000)
 End Bits:   [0x0000000014ce0000, 0x0000000016ce0000)

Polling page: 0x00000000007f0000

CodeCache: size=245760Kb used=33126Kb max_used=33157Kb free=212633Kb
 bounds [0x0000000002a60000, 0x0000000004af0000, 0x0000000011a60000]
 total_blobs=11462 nmethods=10550 adapters=824
 compilation: enabled

Compilation events (10 events):
Event: 60.977 Thread 0x0000000019911800 12179       2       com.intellij.psi.impl.java.stubs.impl.PsiFieldStubImpl::isEnumConst (6 bytes)
Event: 60.977 Thread 0x0000000019911800 nmethod 12179 0x0000000004ac3750 code [0x0000000004ac38a0, 0x0000000004ac3a28]
Event: 60.978 Thread 0x0000000019911800 12180       2       org.jetbrains.kotlin.name.Name::isValidIdentifier (70 bytes)
Event: 60.979 Thread 0x0000000019911800 nmethod 12180 0x0000000004ac3ad0 code [0x0000000004ac3c60, 0x0000000004ac3fc8]
Event: 60.979 Thread 0x0000000019911800 12181       2       com.intellij.extapi.psi.StubBasedPsiElementBase::getStub (14 bytes)
Event: 60.979 Thread 0x0000000019911800 nmethod 12181 0x0000000004ac4250 code [0x0000000004ac43c0, 0x0000000004ac45d8]
Event: 60.980 Thread 0x0000000019911800 12182       2       com.intellij.psi.impl.compiled.StubBuildingVisitor$MethodAnnotationCollectingVisitor::visitAnnotableParameterCount (21 bytes)
Event: 60.981 Thread 0x0000000019911800 nmethod 12182 0x0000000004ac46d0 code [0x0000000004ac4820, 0x0000000004ac4990]
Event: 61.125 Thread 0x0000000019909000 nmethod 11720 0x0000000004acd1d0 code [0x0000000004acd840, 0x0000000004ad5058]
Event: 61.126 Thread 0x0000000019909000 12012   !   4       org.jetbrains.kotlin.metadata.ProtoBuf$Type::<init> (875 bytes)

GC Heap History (10 events):
Event: 17.066 GC heap before
{Heap before GC invocations=14 (full 3):
 PSYoungGen      total 207872K, used 191488K [0x00000000d5580000, 0x00000000e3a00000, 0x0000000100000000)
  eden space 191488K, 100% used [0x00000000d5580000,0x00000000e1080000,0x00000000e1080000)
  from space 16384K, 0% used [0x00000000e2480000,0x00000000e2480000,0x00000000e3480000)
  to   space 20480K, 0% used [0x00000000e1080000,0x00000000e1080000,0x00000000e2480000)
 ParOldGen       total 170496K, used 35441K [0x0000000080000000, 0x000000008a680000, 0x00000000d5580000)
  object space 170496K, 20% used [0x0000000080000000,0x000000008229c730,0x000000008a680000)
 Metaspace       used 64773K, capacity 68024K, committed 68120K, reserved 1107968K
  class space    used 8876K, capacity 9511K, committed 9512K, reserved 1048576K
Event: 17.083 GC heap after
Heap after GC invocations=14 (full 3):
 PSYoungGen      total 211968K, used 18462K [0x00000000d5580000, 0x00000000e5c00000, 0x0000000100000000)
  eden space 191488K, 0% used [0x00000000d5580000,0x00000000d5580000,0x00000000e1080000)
  from space 20480K, 90% used [0x00000000e1080000,0x00000000e2287b78,0x00000000e2480000)
  to   space 22528K, 0% used [0x00000000e4600000,0x00000000e4600000,0x00000000e5c00000)
 ParOldGen       total 170496K, used 35449K [0x0000000080000000, 0x000000008a680000, 0x00000000d5580000)
  object space 170496K, 20% used [0x0000000080000000,0x000000008229e730,0x000000008a680000)
 Metaspace       used 64773K, capacity 68024K, committed 68120K, reserved 1107968K
  class space    used 8876K, capacity 9511K, committed 9512K, reserved 1048576K
}
Event: 23.513 GC heap before
{Heap before GC invocations=15 (full 3):
 PSYoungGen      total 211968K, used 209950K [0x00000000d5580000, 0x00000000e5c00000, 0x0000000100000000)
  eden space 191488K, 100% used [0x00000000d5580000,0x00000000e1080000,0x00000000e1080000)
  from space 20480K, 90% used [0x00000000e1080000,0x00000000e2287b78,0x00000000e2480000)
  to   space 22528K, 0% used [0x00000000e4600000,0x00000000e4600000,0x00000000e5c00000)
 ParOldGen       total 170496K, used 35449K [0x0000000080000000, 0x000000008a680000, 0x00000000d5580000)
  object space 170496K, 20% used [0x0000000080000000,0x000000008229e730,0x000000008a680000)
 Metaspace       used 73153K, capacity 76544K, committed 76952K, reserved 1116160K
  class space    used 9896K, capacity 10541K, committed 10664K, reserved 1048576K
Event: 23.539 GC heap after
Heap after GC invocations=15 (full 3):
 PSYoungGen      total 241152K, used 22518K [0x00000000d5580000, 0x00000000e6180000, 0x0000000100000000)
  eden space 218624K, 0% used [0x00000000d5580000,0x00000000d5580000,0x00000000e2b00000)
  from space 22528K, 99% used [0x00000000e4600000,0x00000000e5bfd840,0x00000000e5c00000)
  to   space 27648K, 0% used [0x00000000e2b00000,0x00000000e2b00000,0x00000000e4600000)
 ParOldGen       total 170496K, used 41238K [0x0000000080000000, 0x000000008a680000, 0x00000000d5580000)
  object space 170496K, 24% used [0x0000000080000000,0x0000000082845a20,0x000000008a680000)
 Metaspace       used 73153K, capacity 76544K, committed 76952K, reserved 1116160K
  class space    used 9896K, capacity 10541K, committed 10664K, reserved 1048576K
}
Event: 44.990 GC heap before
{Heap before GC invocations=16 (full 3):
 PSYoungGen      total 241152K, used 241137K [0x00000000d5580000, 0x00000000e6180000, 0x0000000100000000)
  eden space 218624K, 99% used [0x00000000d5580000,0x00000000e2afef30,0x00000000e2b00000)
  from space 22528K, 99% used [0x00000000e4600000,0x00000000e5bfd840,0x00000000e5c00000)
  to   space 27648K, 0% used [0x00000000e2b00000,0x00000000e2b00000,0x00000000e4600000)
 ParOldGen       total 170496K, used 41238K [0x0000000080000000, 0x000000008a680000, 0x00000000d5580000)
  object space 170496K, 24% used [0x0000000080000000,0x0000000082845a20,0x000000008a680000)
 Metaspace       used 73203K, capacity 76620K, committed 76952K, reserved 1116160K
  class space    used 9902K, capacity 10543K, committed 10664K, reserved 1048576K
Event: 45.007 GC heap after
Heap after GC invocations=16 (full 3):
 PSYoungGen      total 246272K, used 368K [0x00000000d5580000, 0x00000000e7c00000, 0x0000000100000000)
  eden space 218624K, 0% used [0x00000000d5580000,0x00000000d5580000,0x00000000e2b00000)
  from space 27648K, 1% used [0x00000000e2b00000,0x00000000e2b5c010,0x00000000e4600000)
  to   space 28672K, 0% used [0x00000000e6000000,0x00000000e6000000,0x00000000e7c00000)
 ParOldGen       total 170496K, used 62612K [0x0000000080000000, 0x000000008a680000, 0x00000000d5580000)
  object space 170496K, 36% used [0x0000000080000000,0x0000000083d253a0,0x000000008a680000)
 Metaspace       used 73203K, capacity 76620K, committed 76952K, reserved 1116160K
  class space    used 9902K, capacity 10543K, committed 10664K, reserved 1048576K
}
Event: 58.937 GC heap before
{Heap before GC invocations=17 (full 3):
 PSYoungGen      total 246272K, used 212910K [0x00000000d5580000, 0x00000000e7c00000, 0x0000000100000000)
  eden space 218624K, 97% used [0x00000000d5580000,0x00000000e250faf0,0x00000000e2b00000)
  from space 27648K, 1% used [0x00000000e2b00000,0x00000000e2b5c010,0x00000000e4600000)
  to   space 28672K, 0% used [0x00000000e6000000,0x00000000e6000000,0x00000000e7c00000)
 ParOldGen       total 170496K, used 62612K [0x0000000080000000, 0x000000008a680000, 0x00000000d5580000)
  object space 170496K, 36% used [0x0000000080000000,0x0000000083d253a0,0x000000008a680000)
 Metaspace       used 94402K, capacity 98494K, committed 98600K, reserved 1134592K
  class space    used 12428K, capacity 13200K, committed 13224K, reserved 1048576K
Event: 58.968 GC heap after
Heap after GC invocations=17 (full 3):
 PSYoungGen      total 267776K, used 28665K [0x00000000d5580000, 0x00000000e8200000, 0x0000000100000000)
  eden space 239104K, 0% used [0x00000000d5580000,0x00000000d5580000,0x00000000e3f00000)
  from space 28672K, 99% used [0x00000000e6000000,0x00000000e7bfe490,0x00000000e7c00000)
  to   space 33792K, 0% used [0x00000000e3f00000,0x00000000e3f00000,0x00000000e6000000)
 ParOldGen       total 170496K, used 65067K [0x0000000080000000, 0x000000008a680000, 0x00000000d5580000)
  object space 170496K, 38% used [0x0000000080000000,0x0000000083f8af98,0x000000008a680000)
 Metaspace       used 94402K, capacity 98494K, committed 98600K, reserved 1134592K
  class space    used 12428K, capacity 13200K, committed 13224K, reserved 1048576K
}
Event: 58.968 GC heap before
{Heap before GC invocations=18 (full 4):
 PSYoungGen      total 267776K, used 28665K [0x00000000d5580000, 0x00000000e8200000, 0x0000000100000000)
  eden space 239104K, 0% used [0x00000000d5580000,0x00000000d5580000,0x00000000e3f00000)
  from space 28672K, 99% used [0x00000000e6000000,0x00000000e7bfe490,0x00000000e7c00000)
  to   space 33792K, 0% used [0x00000000e3f00000,0x00000000e3f00000,0x00000000e6000000)
 ParOldGen       total 170496K, used 65067K [0x0000000080000000, 0x000000008a680000, 0x00000000d5580000)
  object space 170496K, 38% used [0x0000000080000000,0x0000000083f8af98,0x000000008a680000)
 Metaspace       used 94402K, capacity 98494K, committed 98600K, reserved 1134592K
  class space    used 12428K, capacity 13200K, committed 13224K, reserved 1048576K
Event: 59.157 GC heap after
Heap after GC invocations=18 (full 4):
 PSYoungGen      total 267776K, used 0K [0x00000000d5580000, 0x00000000e8200000, 0x0000000100000000)
  eden space 239104K, 0% used [0x00000000d5580000,0x00000000d5580000,0x00000000e3f00000)
  from space 28672K, 0% used [0x00000000e6000000,0x00000000e6000000,0x00000000e7c00000)
  to   space 33792K, 0% used [0x00000000e3f00000,0x00000000e3f00000,0x00000000e6000000)
 ParOldGen       total 170496K, used 78692K [0x0000000080000000, 0x000000008a680000, 0x00000000d5580000)
  object space 170496K, 46% used [0x0000000080000000,0x0000000084cd9390,0x000000008a680000)
 Metaspace       used 94044K, capacity 97428K, committed 98600K, reserved 1134592K
  class space    used 12311K, capacity 12995K, committed 13224K, reserved 1048576K
}

Deoptimization events (10 events):
Event: 60.673 Thread 0x000000001c602000 Uncommon trap: reason=bimorphic action=maybe_recompile pc=0x0000000004773b04 method=org.jetbrains.kotlin.protobuf.CodedInputStream.tryRefillBuffer(I)Z @ 177
Event: 60.680 Thread 0x000000001c602000 Uncommon trap: reason=unstable_if action=reinterpret pc=0x00000000048d4534 method=org.jetbrains.org.objectweb.asm.ClassReader.readUtf(II[C)Ljava/lang/String; @ 41
Event: 60.682 Thread 0x000000001c602000 Uncommon trap: reason=unstable_if action=reinterpret pc=0x000000000488dd24 method=org.jetbrains.org.objectweb.asm.ClassReader.readUtf(II[C)Ljava/lang/String; @ 41
Event: 60.682 Thread 0x000000001c602000 Uncommon trap: reason=unstable_if action=reinterpret pc=0x00000000048702e0 method=org.jetbrains.org.objectweb.asm.ClassReader.readUtf(II[C)Ljava/lang/String; @ 41
Event: 60.786 Thread 0x000000001c602000 Uncommon trap: reason=class_check action=maybe_recompile pc=0x00000000036e3808 method=java.util.regex.Matcher.search(I)Z @ 86
Event: 60.786 Thread 0x000000001c602000 Uncommon trap: reason=class_check action=maybe_recompile pc=0x00000000036e3808 method=java.util.regex.Matcher.search(I)Z @ 86
Event: 60.928 Thread 0x000000001c602000 Uncommon trap: reason=unstable_if action=reinterpret pc=0x00000000041ffe3c method=sun.misc.FloatingDecimal$BinaryToASCIIBuffer.dtoa(IJIZ)V @ 116
Event: 60.979 Thread 0x000000001c602000 Uncommon trap: reason=class_check action=maybe_recompile pc=0x00000000048f7d1c method=java.util.SubList$1.nextIndex()I @ 4
Event: 60.979 Thread 0x000000001c602000 Uncommon trap: reason=class_check action=maybe_recompile pc=0x00000000048f7d1c method=java.util.SubList$1.nextIndex()I @ 4
Event: 60.979 Thread 0x000000001c602000 Uncommon trap: reason=class_check action=maybe_recompile pc=0x00000000048f7d1c method=java.util.SubList$1.nextIndex()I @ 4

Classes redefined (0 events):
No events

Internal exceptions (10 events):
Event: 59.579 Thread 0x000000001c602000 Exception <a 'java/lang/NoSuchMethodError': java.lang.Object.lambda$static$0(I)[Lorg/jetbrains/kotlin/psi/KtExpression;> (0x00000000d6bd7dc0) thrown at [C:\src\AOSP-openjdk-git\hotspot\src\share\vm\interpreter\linkResolver.cpp, line 620]
Event: 60.162 Thread 0x000000001c602000 Exception <a 'java/lang/NoSuchMethodError': java.lang.Object.lambda$static$0(I)[Lorg/jetbrains/kotlin/psi/KtDeclaration;> (0x00000000d6eefdd0) thrown at [C:\src\AOSP-openjdk-git\hotspot\src\share\vm\interpreter\linkResolver.cpp, line 620]
Event: 60.189 Thread 0x000000001c602000 Exception <a 'java/lang/NoSuchMethodError': java.lang.Object.lambda$static$0(I)[Lorg/jetbrains/kotlin/psi/KtTypeElement;> (0x00000000d7045a38) thrown at [C:\src\AOSP-openjdk-git\hotspot\src\share\vm\interpreter\linkResolver.cpp, line 620]
Event: 60.420 Thread 0x000000001c602000 Exception <a 'java/lang/NoSuchMethodError': java.lang.Object.lambda$static$0(I)[Lcom/intellij/psi/PsiClass;> (0x00000000d7a44398) thrown at [C:\src\AOSP-openjdk-git\hotspot\src\share\vm\interpreter\linkResolver.cpp, line 620]
Event: 60.436 Thread 0x000000001c602000 Exception <a 'java/lang/NoSuchMethodError': java.lang.Object.lambda$static$0(I)[Lcom/intellij/psi/PsiTypeParameter;> (0x00000000d7ae64c8) thrown at [C:\src\AOSP-openjdk-git\hotspot\src\share\vm\interpreter\linkResolver.cpp, line 620]
Event: 60.469 Thread 0x000000001c602000 Exception <a 'java/lang/NoSuchMethodError': java.lang.Object.lambda$static$0(I)[Lcom/intellij/psi/PsiReference;> (0x00000000d7cc15b0) thrown at [C:\src\AOSP-openjdk-git\hotspot\src\share\vm\interpreter\linkResolver.cpp, line 620]
Event: 60.478 Thread 0x000000001c602000 Exception <a 'java/lang/NoSuchMethodError': java.lang.Object.lambda$static$0(I)[Lcom/intellij/psi/PsiTypeElement;> (0x00000000d7d33f70) thrown at [C:\src\AOSP-openjdk-git\hotspot\src\share\vm\interpreter\linkResolver.cpp, line 620]
Event: 60.523 Thread 0x000000001c602000 Exception <a 'java/lang/NoSuchMethodError': java.lang.Object.lambda$static$0()Lcom/intellij/psi/PsiSubstitutor;> (0x00000000d7ec8bd8) thrown at [C:\src\AOSP-openjdk-git\hotspot\src\share\vm\interpreter\linkResolver.cpp, line 620]
Event: 60.541 Thread 0x000000001c602000 Exception <a 'java/lang/NoSuchMethodError': java.lang.Object.lambda$static$0(I)I> (0x00000000d7f5b6c8) thrown at [C:\src\AOSP-openjdk-git\hotspot\src\share\vm\interpreter\linkResolver.cpp, line 620]
Event: 60.965 Thread 0x000000001c602000 Exception <a 'java/lang/NoSuchMethodError': java.lang.Object.lambda$static$0(I)[Lcom/intellij/psi/PsiField;> (0x00000000da2a3c68) thrown at [C:\src\AOSP-openjdk-git\hotspot\src\share\vm\interpreter\linkResolver.cpp, line 620]

Events (10 events):
Event: 60.987 loading class org/jetbrains/kotlin/resolve/scopes/utils/LexicalScopeWrapper
Event: 60.987 loading class org/jetbrains/kotlin/resolve/scopes/utils/LexicalScopeWrapper done
Event: 60.988 loading class org/jetbrains/kotlin/resolve/scopes/LexicalScopeStorage$IntList
Event: 60.988 loading class org/jetbrains/kotlin/resolve/scopes/LexicalScopeStorage$IntList done
Event: 60.988 loading class org/jetbrains/kotlin/psi/typeRefHelpers/TypeRefHelpersKt
Event: 60.988 loading class org/jetbrains/kotlin/psi/typeRefHelpers/TypeRefHelpersKt done
Event: 60.989 loading class org/jetbrains/kotlin/psi/typeRefHelpers/TypeRefHelpersKt$getTypeReference$1
Event: 60.989 loading class org/jetbrains/kotlin/psi/typeRefHelpers/TypeRefHelpersKt$getTypeReference$1 done
Event: 60.989 loading class kotlin/sequences/DropWhileSequence
Event: 60.989 loading class kotlin/sequences/DropWhileSequence done


Dynamic libraries:
0x00007ff619fd0000 - 0x00007ff61a001000 	C:\Program Files\Android\Android Studio\jre\bin\java.exe
0x00007ffbc8860000 - 0x00007ffbc8a50000 	C:\WINDOWS\SYSTEM32\ntdll.dll
0x00007ffbc7eb0000 - 0x00007ffbc7f62000 	C:\WINDOWS\System32\KERNEL32.DLL
0x00007ffbc57e0000 - 0x00007ffbc5a84000 	C:\WINDOWS\System32\KERNELBASE.dll
0x00007ffbc3290000 - 0x00007ffbc331f000 	C:\WINDOWS\SYSTEM32\apphelp.dll
0x00007ffbc6f60000 - 0x00007ffbc7003000 	C:\WINDOWS\System32\ADVAPI32.dll
0x00007ffbc7850000 - 0x00007ffbc78ee000 	C:\WINDOWS\System32\msvcrt.dll
0x00007ffbc6da0000 - 0x00007ffbc6e37000 	C:\WINDOWS\System32\sechost.dll
0x00007ffbc75d0000 - 0x00007ffbc76f0000 	C:\WINDOWS\System32\RPCRT4.dll
0x00007ffbc7010000 - 0x00007ffbc71a5000 	C:\WINDOWS\System32\USER32.dll
0x00007ffbc6330000 - 0x00007ffbc6351000 	C:\WINDOWS\System32\win32u.dll
0x00007ffbc71b0000 - 0x00007ffbc71d6000 	C:\WINDOWS\System32\GDI32.dll
0x00007ffbc6540000 - 0x00007ffbc66d6000 	C:\WINDOWS\System32\gdi32full.dll
0x00007ffbc5ae0000 - 0x00007ffbc5b7e000 	C:\WINDOWS\System32\msvcp_win.dll
0x00007ffbc6360000 - 0x00007ffbc645a000 	C:\WINDOWS\System32\ucrtbase.dll
0x00007ffbb99a0000 - 0x00007ffbb9c24000 	C:\WINDOWS\WinSxS\amd64_microsoft.windows.common-controls_6595b64144ccf1df_6.0.18362.1016_none_9e7a36bbe461dae4\COMCTL32.dll
0x00007ffbc71e0000 - 0x00007ffbc7515000 	C:\WINDOWS\System32\combase.dll
0x00007ffbc6890000 - 0x00007ffbc6910000 	C:\WINDOWS\System32\bcryptPrimitives.dll
0x00007ffbc6cf0000 - 0x00007ffbc6d1e000 	C:\WINDOWS\System32\IMM32.DLL
0x0000000064640000 - 0x0000000064712000 	C:\Program Files\Android\Android Studio\jre\jre\bin\msvcr100.dll
0x0000000064720000 - 0x0000000064f6b000 	C:\Program Files\Android\Android Studio\jre\jre\bin\server\jvm.dll
0x00007ffbc7900000 - 0x00007ffbc7908000 	C:\WINDOWS\System32\PSAPI.DLL
0x00007ffbc4260000 - 0x00007ffbc4269000 	C:\WINDOWS\SYSTEM32\WSOCK32.dll
0x00007ffbbe260000 - 0x00007ffbbe26a000 	C:\WINDOWS\SYSTEM32\VERSION.dll
0x00007ffbc31d0000 - 0x00007ffbc31f4000 	C:\WINDOWS\SYSTEM32\WINMM.dll
0x00007ffbc6ef0000 - 0x00007ffbc6f5f000 	C:\WINDOWS\System32\WS2_32.dll
0x00007ffbc3100000 - 0x00007ffbc312d000 	C:\WINDOWS\SYSTEM32\winmmbase.dll
0x00007ffbc5a90000 - 0x00007ffbc5ada000 	C:\WINDOWS\System32\cfgmgr32.dll
0x00007ffbc1610000 - 0x00007ffbc161f000 	C:\Program Files\Android\Android Studio\jre\jre\bin\verify.dll
0x00007ffbbf140000 - 0x00007ffbbf169000 	C:\Program Files\Android\Android Studio\jre\jre\bin\java.dll
0x00007ffbbdb60000 - 0x00007ffbbdb76000 	C:\Program Files\Android\Android Studio\jre\jre\bin\zip.dll
0x00007ffbc7f70000 - 0x00007ffbc8657000 	C:\WINDOWS\System32\SHELL32.dll
0x00007ffbc6e40000 - 0x00007ffbc6ee9000 	C:\WINDOWS\System32\shcore.dll
0x00007ffbc5ba0000 - 0x00007ffbc6322000 	C:\WINDOWS\System32\windows.storage.dll
0x00007ffbc5720000 - 0x00007ffbc5743000 	C:\WINDOWS\System32\profapi.dll
0x00007ffbc5750000 - 0x00007ffbc579a000 	C:\WINDOWS\System32\powrprof.dll
0x00007ffbc5710000 - 0x00007ffbc5720000 	C:\WINDOWS\System32\UMPDC.dll
0x00007ffbc6910000 - 0x00007ffbc6962000 	C:\WINDOWS\System32\shlwapi.dll
0x00007ffbc57c0000 - 0x00007ffbc57d1000 	C:\WINDOWS\System32\kernel.appcore.dll
0x00007ffbc5b80000 - 0x00007ffbc5b97000 	C:\WINDOWS\System32\cryptsp.dll
0x00007ffbbdad0000 - 0x00007ffbbdaea000 	C:\Program Files\Android\Android Studio\jre\jre\bin\net.dll
0x00007ffbc4f70000 - 0x00007ffbc4fd7000 	C:\WINDOWS\system32\mswsock.dll
0x00007ffbb4d30000 - 0x00007ffbb4d43000 	C:\Program Files\Android\Android Studio\jre\jre\bin\nio.dll
0x00007ffbb45f0000 - 0x00007ffbb4616000 	C:\Users\Martin-PC\.gradle\native\31\windows-amd64\native-platform.dll
0x00007ffbc0d90000 - 0x00007ffbc0d9d000 	C:\Program Files\Android\Android Studio\jre\jre\bin\management.dll
0x00007ffbc4a80000 - 0x00007ffbc4ab3000 	C:\WINDOWS\system32\rsaenh.dll
0x00007ffbc6460000 - 0x00007ffbc6486000 	C:\WINDOWS\System32\bcrypt.dll
0x00007ffbc5600000 - 0x00007ffbc5625000 	C:\WINDOWS\SYSTEM32\USERENV.dll
0x00007ffbc5140000 - 0x00007ffbc514c000 	C:\WINDOWS\SYSTEM32\CRYPTBASE.dll
0x00007ffbc4c20000 - 0x00007ffbc4c5a000 	C:\WINDOWS\SYSTEM32\IPHLPAPI.DLL
0x00007ffbc78f0000 - 0x00007ffbc78f8000 	C:\WINDOWS\System32\NSI.dll
0x00007ffbbde80000 - 0x00007ffbbde96000 	C:\WINDOWS\SYSTEM32\dhcpcsvc6.DLL
0x00007ffbbe990000 - 0x00007ffbbe9ac000 	C:\WINDOWS\SYSTEM32\dhcpcsvc.DLL
0x00007ffbc4c60000 - 0x00007ffbc4d2b000 	C:\WINDOWS\SYSTEM32\DNSAPI.dll
0x00007ffbb4660000 - 0x00007ffbb4684000 	C:\Program Files\Android\Android Studio\jre\jre\bin\sunec.dll
0x00007ffbafb40000 - 0x00007ffbafb56000 	C:\WINDOWS\system32\napinsp.dll
0x00007ffbafb20000 - 0x00007ffbafb3a000 	C:\WINDOWS\system32\pnrpnsp.dll
0x00007ffbaf320000 - 0x00007ffbaf32e000 	C:\WINDOWS\System32\winrnr.dll
0x00007ffbc0de0000 - 0x00007ffbc0dfc000 	C:\WINDOWS\system32\NLAapi.dll
0x00007ffbc0750000 - 0x00007ffbc0765000 	C:\WINDOWS\system32\wshbth.dll
0x00007ffbbd550000 - 0x00007ffbbd5c7000 	C:\WINDOWS\System32\fwpuclnt.dll
0x00007ffbbda90000 - 0x00007ffbbda9a000 	C:\Windows\System32\rasadhlp.dll
0x00007ffbbdb20000 - 0x00007ffbbdb2b000 	C:\Program Files\Android\Android Studio\jre\jre\bin\sunmscapi.dll
0x00007ffbc6740000 - 0x00007ffbc6889000 	C:\WINDOWS\System32\CRYPT32.dll
0x00007ffbc57a0000 - 0x00007ffbc57b2000 	C:\WINDOWS\System32\MSASN1.dll

VM Arguments:
jvm_args: -Xmx2048m -Dfile.encoding=windows-1252 -Duser.country=CO -Duser.language=es -Duser.variant -Djava.net.preferIPv4Stack=true 
java_command: org.gradle.launcher.daemon.bootstrap.GradleDaemon 6.1.1
java_class_path (initial): C:\Users\Martin-PC\.gradle\wrapper\dists\gradle-6.1.1-all\cfmwm155h49vnt3hynmlrsdst\gradle-6.1.1\lib\gradle-launcher-6.1.1.jar
Launcher Type: SUN_STANDARD

Environment Variables:
_JAVA_OPTIONS=-Djava.net.preferIPv4Stack=true
PATH=C:\Program Files (x86)\Common Files\Oracle\Java\javapath;C:\WINDOWS\system32;C:\WINDOWS;C:\WINDOWS\System32\Wbem;C:\WINDOWS\System32\WindowsPowerShell\v1.0\;C:\WINDOWS\System32\OpenSSH\;C:\Program Files\dotnet\;C:\Program Files\Git\cmd;C:\Program Files\Microsoft SQL Server\Client SDK\ODBC\130\Tools\Binn\;C:\Program Files (x86)\Microsoft SQL Server\140\Tools\Binn\;C:\Program Files\Microsoft SQL Server\140\Tools\Binn\;C:\Program Files\Microsoft SQL Server\140\DTS\Binn\;C:\Program Files (x86)\Microsoft SQL Server\Client SDK\ODBC\130\Tools\Binn\;C:\Program Files (x86)\Microsoft SQL Server\140\DTS\Binn\;C:\Program Files (x86)\Microsoft SQL Server\140\Tools\Binn\ManagementStudio\;C:\Go\bin;C:\Program Files\MATLAB\R2014b\runtime\win64;C:\Program Files\MATLAB\R2014b\bin;C:\Program Files\nodejs\;C:\Program Files\TortoiseGit\bin;C:\Program Files (x86)\Yarn\bin\;C:\ProgramData\ComposerSetup\bin;C:\TDM-GCC-64\bin;C:\RailsInstaller\Ruby2.3.3\bin;C:\Users\Martin-PC\AppData\Local\Programs\Python\Python37-32\Scripts\;C:\Users\Martin-PC\AppData\Local\Programs\Python\Python37-32\;C:\Users\Martin-PC\AppData\Local\Microsoft\WindowsApps;C:\Users\Martin-PC\AppData\Local\Programs\Microsoft VS Code\bin;D:\Proyectos de Programacion\Proyectos Golang\bin;C:\AppServ\Apache24\bin;C:\AppServ\php5;C:\AppServ\MySQL\bin;C:\Program Files\MongoDB\Server\4.0\bin;C:\Users\Martin-PC\AppData\Roaming\npm;C:\Program Files\JetBrains\GoLand 2018.3.2\bin;C:\Program Files\JetBrains\DataGrip 2018.3.1\bin;C:\Program Files\JetBrains\PhpStorm 2018.3.3\bin;C:\Program Files\JetBrains\WebStorm 2018.3.5\bin;C:\Users\Martin-PC\AppData\Local\Yarn\bin;C:\Program Files\heroku\bin;C:\Users\Martin-PC\AppData\Roaming\Composer\vendor\bin;C:\Program Files\JetBrains\IntelliJ IDEA Community Edition 2019.3.3\bin;C:\Users\Martin-PC\.deno\bin;C:\Users\Martin-PC\AppData\Local\GitHubDesktop\bin
USERNAME=Martin-PC
OS=Windows_NT
PROCESSOR_IDENTIFIER=Intel64 Family 6 Model 94 Stepping 3, GenuineIntel



---------------  S Y S T E M  ---------------

OS: Windows 10.0 , 64 bit Build 18362 (10.0.18362.959)

CPU:total 8 (initial active 8) (4 cores per cpu, 2 threads per core) family 6 model 94 stepping 3, cmov, cx8, fxsr, mmx, sse, sse2, sse3, ssse3, sse4.1, sse4.2, popcnt, avx, avx2, aes, clmul, erms, rtm, 3dnowpref, lzcnt, ht, tsc, tscinvbit, bmi1, bmi2, adx

Memory: 4k page, physical 12444688k(2077796k free), swap 14917648k(6936k free)

vm_info: OpenJDK 64-Bit Server VM (25.242-b01) for windows-amd64 JRE (1.8.0_242-release-1644-b01), built by "builder" with MS VC++ 10.0 (VS2010)

time: Tue Sep 08 12:20:22 2020
timezone: Hora est. Pacífico, Sudamérica
elapsed time: 61 seconds (0d 0h 1m 1s)

